<?xml version="1.0" encoding="UTF-8"?>
<testsuites tests="40" failures="35" errors="35" skipped="0">
  <testsuite name="BackstopJS" tests="40" failures="35" errors="35" skipped="0">
    <testcase classname="body" name=" ›› Frontend-Homepage-Login">
      <failure message="Design deviation ›› Frontend-Homepage-Login (body) component"/>
      <error message="Design deviation ›› Frontend-Homepage-Login (body) component"/>
    </testcase>
    <testcase classname="body" name=" ›› Frontend-Homepage-Login">
      <failure message="Design deviation ›› Frontend-Homepage-Login (body) component"/>
      <error message="Design deviation ›› Frontend-Homepage-Login (body) component"/>
    </testcase>
    <testcase classname="body" name=" ›› Frontend-Homepage-Login">
      <failure message="Design deviation ›› Frontend-Homepage-Login (body) component"/>
      <error message="Design deviation ›› Frontend-Homepage-Login (body) component"/>
    </testcase>
    <testcase classname="body" name=" ›› Frontend-Homepage-Login">
      <failure message="Design deviation ›› Frontend-Homepage-Login (body) component"/>
      <error message="Design deviation ›› Frontend-Homepage-Login (body) component"/>
    </testcase>
    <testcase classname="body" name=" ›› Frontend-Homepage-Login">
      <failure message="Design deviation ›› Frontend-Homepage-Login (body) component"/>
      <error message="Design deviation ›› Frontend-Homepage-Login (body) component"/>
    </testcase>
    <testcase classname="body" name=" ›› Frontend-Dashboard-Main">
      <failure message="Design deviation ›› Frontend-Dashboard-Main (body) component"/>
      <error message="Design deviation ›› Frontend-Dashboard-Main (body) component"/>
    </testcase>
    <testcase classname="body" name=" ›› Frontend-Dashboard-Main">
      <failure message="Design deviation ›› Frontend-Dashboard-Main (body) component"/>
      <error message="Design deviation ›› Frontend-Dashboard-Main (body) component"/>
    </testcase>
    <testcase classname="body" name=" ›› Frontend-Dashboard-Main">
      <failure message="Design deviation ›› Frontend-Dashboard-Main (body) component"/>
      <error message="Design deviation ›› Frontend-Dashboard-Main (body) component"/>
    </testcase>
    <testcase classname="body" name=" ›› Frontend-Dashboard-Main">
      <failure message="Design deviation ›› Frontend-Dashboard-Main (body) component"/>
      <error message="Design deviation ›› Frontend-Dashboard-Main (body) component"/>
    </testcase>
    <testcase classname="body" name=" ›› Frontend-Dashboard-Main">
      <failure message="Design deviation ›› Frontend-Dashboard-Main (body) component"/>
      <error message="Design deviation ›› Frontend-Dashboard-Main (body) component"/>
    </testcase>
    <testcase classname="body" name=" ›› Frontend-Creator-Dashboard">
      <failure message="Design deviation ›› Frontend-Creator-Dashboard (body) component"/>
      <error message="Design deviation ›› Frontend-Creator-Dashboard (body) component"/>
    </testcase>
    <testcase classname="body" name=" ›› Frontend-Creator-Dashboard">
      <failure message="Design deviation ›› Frontend-Creator-Dashboard (body) component"/>
      <error message="Design deviation ›› Frontend-Creator-Dashboard (body) component"/>
    </testcase>
    <testcase classname="body" name=" ›› Frontend-Creator-Dashboard">
      <failure message="Design deviation ›› Frontend-Creator-Dashboard (body) component"/>
      <error message="Design deviation ›› Frontend-Creator-Dashboard (body) component"/>
    </testcase>
    <testcase classname="body" name=" ›› Frontend-Creator-Dashboard">
      <failure message="Design deviation ›› Frontend-Creator-Dashboard (body) component"/>
      <error message="Design deviation ›› Frontend-Creator-Dashboard (body) component"/>
    </testcase>
    <testcase classname="body" name=" ›› Frontend-Creator-Dashboard">
      <failure message="Design deviation ›› Frontend-Creator-Dashboard (body) component"/>
      <error message="Design deviation ›› Frontend-Creator-Dashboard (body) component"/>
    </testcase>
    <testcase classname="#storybook-root" name=" ›› Storybook-StatusMessage-Success">
      <failure message="Design deviation ›› Storybook-StatusMessage-Success (#storybook-root) component"/>
      <error message="Design deviation ›› Storybook-StatusMessage-Success (#storybook-root) component"/>
    </testcase>
    <testcase classname="#storybook-root" name=" ›› Storybook-StatusMessage-Success">
      <failure message="Design deviation ›› Storybook-StatusMessage-Success (#storybook-root) component"/>
      <error message="Design deviation ›› Storybook-StatusMessage-Success (#storybook-root) component"/>
    </testcase>
    <testcase classname="#storybook-root" name=" ›› Storybook-StatusMessage-Success">
      <failure message="Design deviation ›› Storybook-StatusMessage-Success (#storybook-root) component"/>
      <error message="Design deviation ›› Storybook-StatusMessage-Success (#storybook-root) component"/>
    </testcase>
    <testcase classname="#storybook-root" name=" ›› Storybook-StatusMessage-Success">
      <failure message="Design deviation ›› Storybook-StatusMessage-Success (#storybook-root) component"/>
      <error message="Design deviation ›› Storybook-StatusMessage-Success (#storybook-root) component"/>
    </testcase>
    <testcase classname="#storybook-root" name=" ›› Storybook-StatusMessage-Success">
      <failure message="Design deviation ›› Storybook-StatusMessage-Success (#storybook-root) component"/>
      <error message="Design deviation ›› Storybook-StatusMessage-Success (#storybook-root) component"/>
    </testcase>
    <testcase classname="#storybook-root" name=" ›› Storybook-StatusMessage-Error">
      <failure message="Design deviation ›› Storybook-StatusMessage-Error (#storybook-root) component"/>
      <error message="Design deviation ›› Storybook-StatusMessage-Error (#storybook-root) component"/>
    </testcase>
    <testcase classname="#storybook-root" name=" ›› Storybook-StatusMessage-Error">
      <failure message="Design deviation ›› Storybook-StatusMessage-Error (#storybook-root) component"/>
      <error message="Design deviation ›› Storybook-StatusMessage-Error (#storybook-root) component"/>
    </testcase>
    <testcase classname="#storybook-root" name=" ›› Storybook-StatusMessage-Error">
      <failure message="Design deviation ›› Storybook-StatusMessage-Error (#storybook-root) component"/>
      <error message="Design deviation ›› Storybook-StatusMessage-Error (#storybook-root) component"/>
    </testcase>
    <testcase classname="#storybook-root" name=" ›› Storybook-StatusMessage-Error">
      <failure message="Design deviation ›› Storybook-StatusMessage-Error (#storybook-root) component"/>
      <error message="Design deviation ›› Storybook-StatusMessage-Error (#storybook-root) component"/>
    </testcase>
    <testcase classname="#storybook-root" name=" ›› Storybook-StatusMessage-Error">
      <failure message="Design deviation ›› Storybook-StatusMessage-Error (#storybook-root) component"/>
      <error message="Design deviation ›› Storybook-StatusMessage-Error (#storybook-root) component"/>
    </testcase>
    <testcase classname="#storybook-root" name=" ›› Storybook-StatusMessage-Warning">
      <failure message="Design deviation ›› Storybook-StatusMessage-Warning (#storybook-root) component"/>
      <error message="Design deviation ›› Storybook-StatusMessage-Warning (#storybook-root) component"/>
    </testcase>
    <testcase classname="#storybook-root" name=" ›› Storybook-StatusMessage-Warning">
      <failure message="Design deviation ›› Storybook-StatusMessage-Warning (#storybook-root) component"/>
      <error message="Design deviation ›› Storybook-StatusMessage-Warning (#storybook-root) component"/>
    </testcase>
    <testcase classname="#storybook-root" name=" ›› Storybook-StatusMessage-Warning">
      <failure message="Design deviation ›› Storybook-StatusMessage-Warning (#storybook-root) component"/>
      <error message="Design deviation ›› Storybook-StatusMessage-Warning (#storybook-root) component"/>
    </testcase>
    <testcase classname="#storybook-root" name=" ›› Storybook-StatusMessage-Warning">
      <failure message="Design deviation ›› Storybook-StatusMessage-Warning (#storybook-root) component"/>
      <error message="Design deviation ›› Storybook-StatusMessage-Warning (#storybook-root) component"/>
    </testcase>
    <testcase classname="#storybook-root" name=" ›› Storybook-StatusMessage-Warning">
      <failure message="Design deviation ›› Storybook-StatusMessage-Warning (#storybook-root) component"/>
      <error message="Design deviation ›› Storybook-StatusMessage-Warning (#storybook-root) component"/>
    </testcase>
    <testcase classname="#storybook-root" name=" ›› Storybook-StatusMessage-Info">
      <failure message="Design deviation ›› Storybook-StatusMessage-Info (#storybook-root) component"/>
      <error message="Design deviation ›› Storybook-StatusMessage-Info (#storybook-root) component"/>
    </testcase>
    <testcase classname="#storybook-root" name=" ›› Storybook-StatusMessage-Info">
      <failure message="Design deviation ›› Storybook-StatusMessage-Info (#storybook-root) component"/>
      <error message="Design deviation ›› Storybook-StatusMessage-Info (#storybook-root) component"/>
    </testcase>
    <testcase classname="#storybook-root" name=" ›› Storybook-StatusMessage-Info">
      <failure message="Design deviation ›› Storybook-StatusMessage-Info (#storybook-root) component"/>
      <error message="Design deviation ›› Storybook-StatusMessage-Info (#storybook-root) component"/>
    </testcase>
    <testcase classname="#storybook-root" name=" ›› Storybook-StatusMessage-Info">
      <failure message="Design deviation ›› Storybook-StatusMessage-Info (#storybook-root) component"/>
      <error message="Design deviation ›› Storybook-StatusMessage-Info (#storybook-root) component"/>
    </testcase>
    <testcase classname="#storybook-root" name=" ›› Storybook-StatusMessage-Info">
      <failure message="Design deviation ›› Storybook-StatusMessage-Info (#storybook-root) component"/>
      <error message="Design deviation ›› Storybook-StatusMessage-Info (#storybook-root) component"/>
    </testcase>
    <testcase classname=".container" name=" ›› Static-StatusMessage-TestPage"/>
    <testcase classname=".container" name=" ›› Static-StatusMessage-TestPage"/>
    <testcase classname=".container" name=" ›› Static-StatusMessage-TestPage"/>
    <testcase classname=".container" name=" ›› Static-StatusMessage-TestPage"/>
    <testcase classname=".container" name=" ›› Static-StatusMessage-TestPage"/>
  </testsuite>
</testsuites>